0 verbose cli /usr/local/bin/node /usr/local/bin/npm
1 info using npm@11.12.1
2 info using node@v22.19.0
3 silly config load:file:/usr/local/lib/node_modules/npm/npmrc
4 silly config load:file:/Users/home/Websites/Bedi Delivery/.npmrc
5 silly config load:file:/Users/home/.npmrc
6 silly config load:file:/usr/local/etc/npmrc
7 verbose title npm install google-auth-library
8 verbose argv "install" "google-auth-library" "--cache" ".npm-cache" "--no-fund" "--no-audit"
9 verbose logfile logs-max:10 dir:/Users/home/Websites/Bedi Delivery/.npm-cache/_logs/2026-03-27T10_42_06_363Z-
10 verbose logfile /Users/home/Websites/Bedi Delivery/.npm-cache/_logs/2026-03-27T10_42_06_363Z-debug-0.log
11 warn Unknown env config "devdir". This will stop working in the next major version of npm. See `npm help npmrc` for supported config options.
12 silly logfile start cleaning logs, removing 1 files
13 silly packumentCache heap:4345298944 maxSize:1086324736 maxEntrySize:543162368
14 silly logfile done cleaning log files
15 silly idealTree buildDeps
16 silly fetch manifest google-auth-library@*
17 silly packumentCache full:https://registry.npmjs.org/google-auth-library cache-miss
18 http fetch GET 200 https://registry.npmjs.org/google-auth-library 776ms (cache miss)
19 silly packumentCache full:https://registry.npmjs.org/google-auth-library set size:undefined disposed:false
20 silly placeDep ROOT google-auth-library@10.6.2 REPLACE for: bedi-delivery@0.1.0 want: *
21 silly fetch manifest gaxios@^7.1.4
22 silly packumentCache full:https://registry.npmjs.org/gaxios cache-miss
23 silly fetch manifest gcp-metadata@8.1.2
24 silly packumentCache full:https://registry.npmjs.org/gcp-metadata cache-miss
25 silly fetch manifest google-logging-utils@1.1.3
26 silly packumentCache full:https://registry.npmjs.org/google-logging-utils cache-miss
27 http fetch GET 200 https://registry.npmjs.org/gaxios 91ms (cache miss)
28 silly packumentCache full:https://registry.npmjs.org/gaxios set size:undefined disposed:false
29 http fetch GET 200 https://registry.npmjs.org/google-logging-utils 314ms (cache miss)
30 silly packumentCache full:https://registry.npmjs.org/google-logging-utils set size:undefined disposed:false
31 http fetch GET 200 https://registry.npmjs.org/gcp-metadata 439ms (cache miss)
32 silly packumentCache full:https://registry.npmjs.org/gcp-metadata set size:undefined disposed:false
33 silly fetch manifest google-auth-library@^9.6.3
34 silly packumentCache full:https://registry.npmjs.org/google-auth-library cache-miss
35 http cache https://registry.npmjs.org/google-auth-library 4ms (cache hit)
36 silly packumentCache full:https://registry.npmjs.org/google-auth-library set size:724318 disposed:false
37 silly placeDep node_modules/@google-cloud/storage google-auth-library@9.15.1 OK for: @google-cloud/storage@7.19.0 want: ^9.6.3
38 silly fetch manifest gtoken@^7.0.0
39 silly packumentCache full:https://registry.npmjs.org/gtoken cache-miss
40 silly fetch manifest gcp-metadata@^6.1.0
41 silly packumentCache full:https://registry.npmjs.org/gcp-metadata cache-miss
42 http cache https://registry.npmjs.org/gcp-metadata 3ms (cache hit)
43 silly packumentCache full:https://registry.npmjs.org/gcp-metadata set size:191448 disposed:false
44 http fetch GET 200 https://registry.npmjs.org/gtoken 78ms (cache miss)
45 silly packumentCache full:https://registry.npmjs.org/gtoken set size:undefined disposed:false
46 silly fetch manifest google-auth-library@^9.14.2
47 silly packumentCache full:https://registry.npmjs.org/google-auth-library cache-hit
48 silly placeDep node_modules/firebase-admin google-auth-library@9.15.1 OK for: firebase-admin@13.6.1 want: ^9.14.2
49 silly placeDep node_modules/google-auth-library gaxios@7.1.4 OK for: google-auth-library@10.6.2 want: ^7.1.4
50 silly placeDep ROOT gcp-metadata@8.1.2 OK for: google-auth-library@10.6.2 want: 8.1.2
51 silly placeDep ROOT google-logging-utils@1.1.3 OK for: google-auth-library@10.6.2 want: 1.1.3
52 silly fetch manifest node-fetch@^3.3.2
53 silly packumentCache full:https://registry.npmjs.org/node-fetch cache-miss
54 silly fetch manifest gaxios@^7.0.0
55 silly packumentCache full:https://registry.npmjs.org/gaxios cache-miss
56 silly fetch manifest google-logging-utils@^1.0.0
57 silly packumentCache full:https://registry.npmjs.org/google-logging-utils cache-miss
58 silly fetch manifest json-bigint@^1.0.0
59 silly packumentCache full:https://registry.npmjs.org/json-bigint cache-miss
60 http cache https://registry.npmjs.org/google-logging-utils 5ms (cache hit)
61 silly packumentCache full:https://registry.npmjs.org/google-logging-utils set size:21694 disposed:false
62 http cache https://registry.npmjs.org/gaxios 6ms (cache hit)
63 silly packumentCache full:https://registry.npmjs.org/gaxios set size:345358 disposed:false
64 http fetch GET 200 https://registry.npmjs.org/json-bigint 75ms (cache miss)
65 silly packumentCache full:https://registry.npmjs.org/json-bigint set size:undefined disposed:false
66 http fetch GET 200 https://registry.npmjs.org/node-fetch 264ms (cache revalidated)
67 silly packumentCache full:https://registry.npmjs.org/node-fetch set size:896010 disposed:false
68 silly placeDep node_modules/gcp-metadata gaxios@7.1.4 OK for: gcp-metadata@8.1.2 want: ^7.0.0
69 silly placeDep ROOT json-bigint@1.0.0 OK for: gcp-metadata@8.1.2 want: ^1.0.0
70 silly fetch manifest google-auth-library@^9.3.0
71 silly packumentCache full:https://registry.npmjs.org/google-auth-library cache-hit
72 silly placeDep node_modules/google-gax google-auth-library@9.15.1 OK for: google-gax@4.6.1 want: ^9.3.0
73 silly placeDep node_modules/@google-cloud/storage gcp-metadata@6.1.1 OK for: google-auth-library@9.15.1 want: ^6.1.0
74 silly placeDep ROOT gtoken@7.1.0 OK for: google-auth-library@9.15.1 want: ^7.0.0
75 silly fetch manifest google-logging-utils@^0.0.2
76 silly packumentCache full:https://registry.npmjs.org/google-logging-utils cache-hit
77 silly placeDep node_modules/@google-cloud/storage google-logging-utils@0.0.2 OK for: gcp-metadata@6.1.1 want: ^0.0.2
78 silly placeDep node_modules/firebase-admin gcp-metadata@6.1.1 OK for: google-auth-library@9.15.1 want: ^6.1.0
79 silly placeDep node_modules/firebase-admin google-logging-utils@0.0.2 OK for: gcp-metadata@6.1.1 want: ^0.0.2
80 silly placeDep node_modules/gcp-metadata node-fetch@3.3.2 OK for: gaxios@7.1.4 want: ^3.3.2
81 silly fetch manifest data-uri-to-buffer@^4.0.0
82 silly packumentCache full:https://registry.npmjs.org/data-uri-to-buffer cache-miss
83 http fetch GET 200 https://registry.npmjs.org/data-uri-to-buffer 77ms (cache miss)
84 silly packumentCache full:https://registry.npmjs.org/data-uri-to-buffer set size:undefined disposed:false
85 silly placeDep node_modules/gcp-metadata data-uri-to-buffer@4.0.1 OK for: node-fetch@3.3.2 want: ^4.0.0
86 silly placeDep node_modules/google-auth-library node-fetch@3.3.2 OK for: gaxios@7.1.4 want: ^3.3.2
87 silly placeDep node_modules/google-auth-library data-uri-to-buffer@4.0.1 OK for: node-fetch@3.3.2 want: ^4.0.0
88 silly placeDep node_modules/google-gax gcp-metadata@6.1.1 OK for: google-auth-library@9.15.1 want: ^6.1.0
89 silly placeDep node_modules/google-gax google-logging-utils@0.0.2 OK for: gcp-metadata@6.1.1 want: ^0.0.2
90 silly reify mark retired [ '/Users/home/Websites/Bedi Delivery/node_modules/gcp-metadata' ]
91 silly reify mark retired [
91 silly reify   '/Users/home/Websites/Bedi Delivery/node_modules/google-auth-library'
91 silly reify ]
92 silly reify mark retired [
92 silly reify   '/Users/home/Websites/Bedi Delivery/node_modules/google-logging-utils'
92 silly reify ]
93 silly reify moves {
93 silly reify   '/Users/home/Websites/Bedi Delivery/node_modules/gcp-metadata': '/Users/home/Websites/Bedi Delivery/node_modules/.gcp-metadata-9EtbUzcO',
93 silly reify   '/Users/home/Websites/Bedi Delivery/node_modules/google-auth-library': '/Users/home/Websites/Bedi Delivery/node_modules/.google-auth-library-CBrfo4Yv',
93 silly reify   '/Users/home/Websites/Bedi Delivery/node_modules/google-logging-utils': '/Users/home/Websites/Bedi Delivery/node_modules/.google-logging-utils-U8nap8Ra'
93 silly reify }
94 http cache google-logging-utils@https://registry.npmjs.org/google-logging-utils/-/google-logging-utils-1.1.3.tgz 0ms (cache hit)
95 http cache google-logging-utils@https://registry.npmjs.org/google-logging-utils/-/google-logging-utils-0.0.2.tgz 0ms (cache hit)
96 http cache google-auth-library@https://registry.npmjs.org/google-auth-library/-/google-auth-library-10.6.2.tgz 0ms (cache hit)
97 http cache google-auth-library@https://registry.npmjs.org/google-auth-library/-/google-auth-library-9.15.1.tgz 0ms (cache hit)
98 http cache gcp-metadata@https://registry.npmjs.org/gcp-metadata/-/gcp-metadata-6.1.1.tgz 0ms (cache hit)
99 http cache node-fetch@https://registry.npmjs.org/node-fetch/-/node-fetch-3.3.2.tgz 0ms (cache hit)
100 http cache gaxios@https://registry.npmjs.org/gaxios/-/gaxios-7.1.4.tgz 0ms (cache hit)
101 http cache node-fetch@https://registry.npmjs.org/node-fetch/-/node-fetch-3.3.2.tgz 0ms (cache hit)
102 http cache gcp-metadata@https://registry.npmjs.org/gcp-metadata/-/gcp-metadata-8.1.2.tgz 0ms (cache hit)
103 http cache data-uri-to-buffer@https://registry.npmjs.org/data-uri-to-buffer/-/data-uri-to-buffer-4.0.1.tgz 0ms (cache hit)
104 http cache google-logging-utils@https://registry.npmjs.org/google-logging-utils/-/google-logging-utils-0.0.2.tgz 0ms (cache hit)
105 http cache gaxios@https://registry.npmjs.org/gaxios/-/gaxios-7.1.4.tgz 0ms (cache hit)
106 http cache data-uri-to-buffer@https://registry.npmjs.org/data-uri-to-buffer/-/data-uri-to-buffer-4.0.1.tgz 0ms (cache hit)
107 http cache google-auth-library@https://registry.npmjs.org/google-auth-library/-/google-auth-library-9.15.1.tgz 0ms (cache hit)
108 http cache gcp-metadata@https://registry.npmjs.org/gcp-metadata/-/gcp-metadata-6.1.1.tgz 0ms (cache hit)
109 silly tarball no local data for google-logging-utils@https://registry.npmjs.org/google-logging-utils/-/google-logging-utils-1.1.3.tgz. Extracting by manifest.
110 http cache gcp-metadata@https://registry.npmjs.org/gcp-metadata/-/gcp-metadata-6.1.1.tgz 0ms (cache hit)
111 http cache google-logging-utils@https://registry.npmjs.org/google-logging-utils/-/google-logging-utils-0.0.2.tgz 0ms (cache hit)
112 silly tarball no local data for google-logging-utils@https://registry.npmjs.org/google-logging-utils/-/google-logging-utils-0.0.2.tgz. Extracting by manifest.
113 silly tarball no local data for google-auth-library@https://registry.npmjs.org/google-auth-library/-/google-auth-library-10.6.2.tgz. Extracting by manifest.
114 http cache google-auth-library@https://registry.npmjs.org/google-auth-library/-/google-auth-library-9.15.1.tgz 0ms (cache hit)
115 silly tarball no local data for google-auth-library@https://registry.npmjs.org/google-auth-library/-/google-auth-library-9.15.1.tgz. Extracting by manifest.
116 silly tarball no local data for gcp-metadata@https://registry.npmjs.org/gcp-metadata/-/gcp-metadata-6.1.1.tgz. Extracting by manifest.
117 silly tarball no local data for node-fetch@https://registry.npmjs.org/node-fetch/-/node-fetch-3.3.2.tgz. Extracting by manifest.
118 silly tarball no local data for gaxios@https://registry.npmjs.org/gaxios/-/gaxios-7.1.4.tgz. Extracting by manifest.
119 silly tarball no local data for node-fetch@https://registry.npmjs.org/node-fetch/-/node-fetch-3.3.2.tgz. Extracting by manifest.
120 silly tarball no local data for gcp-metadata@https://registry.npmjs.org/gcp-metadata/-/gcp-metadata-8.1.2.tgz. Extracting by manifest.
121 silly tarball no local data for data-uri-to-buffer@https://registry.npmjs.org/data-uri-to-buffer/-/data-uri-to-buffer-4.0.1.tgz. Extracting by manifest.
122 silly tarball no local data for google-logging-utils@https://registry.npmjs.org/google-logging-utils/-/google-logging-utils-0.0.2.tgz. Extracting by manifest.
123 silly tarball no local data for gaxios@https://registry.npmjs.org/gaxios/-/gaxios-7.1.4.tgz. Extracting by manifest.
124 silly tarball no local data for data-uri-to-buffer@https://registry.npmjs.org/data-uri-to-buffer/-/data-uri-to-buffer-4.0.1.tgz. Extracting by manifest.
125 silly tarball no local data for google-auth-library@https://registry.npmjs.org/google-auth-library/-/google-auth-library-9.15.1.tgz. Extracting by manifest.
126 silly tarball no local data for gcp-metadata@https://registry.npmjs.org/gcp-metadata/-/gcp-metadata-6.1.1.tgz. Extracting by manifest.
127 silly tarball no local data for gcp-metadata@https://registry.npmjs.org/gcp-metadata/-/gcp-metadata-6.1.1.tgz. Extracting by manifest.
128 silly tarball no local data for google-logging-utils@https://registry.npmjs.org/google-logging-utils/-/google-logging-utils-0.0.2.tgz. Extracting by manifest.
129 silly tarball no local data for google-auth-library@https://registry.npmjs.org/google-auth-library/-/google-auth-library-9.15.1.tgz. Extracting by manifest.
130 http fetch GET 200 https://registry.npmjs.org/google-logging-utils/-/google-logging-utils-0.0.2.tgz 68ms (cache miss)
131 http fetch GET 200 https://registry.npmjs.org/google-logging-utils/-/google-logging-utils-1.1.3.tgz 83ms (cache miss)
132 http fetch GET 200 https://registry.npmjs.org/gcp-metadata/-/gcp-metadata-6.1.1.tgz 103ms (cache miss)
133 http fetch GET 200 https://registry.npmjs.org/node-fetch/-/node-fetch-3.3.2.tgz 114ms (cache miss)
134 http fetch GET 200 https://registry.npmjs.org/node-fetch/-/node-fetch-3.3.2.tgz 118ms (cache miss)
135 http fetch GET 200 https://registry.npmjs.org/gcp-metadata/-/gcp-metadata-8.1.2.tgz 125ms (cache miss)
136 http fetch GET 200 https://registry.npmjs.org/gcp-metadata/-/gcp-metadata-6.1.1.tgz 130ms (cache miss)
137 http fetch GET 200 https://registry.npmjs.org/google-auth-library/-/google-auth-library-10.6.2.tgz 151ms (cache miss)
138 http fetch GET 200 https://registry.npmjs.org/google-logging-utils/-/google-logging-utils-0.0.2.tgz 161ms (cache miss)
139 http fetch GET 200 https://registry.npmjs.org/gaxios/-/gaxios-7.1.4.tgz 182ms (cache miss)
140 http fetch GET 200 https://registry.npmjs.org/google-auth-library/-/google-auth-library-9.15.1.tgz 187ms (cache miss)
141 http fetch GET 200 https://registry.npmjs.org/google-auth-library/-/google-auth-library-9.15.1.tgz 189ms (cache miss)
142 http fetch GET 200 https://registry.npmjs.org/data-uri-to-buffer/-/data-uri-to-buffer-4.0.1.tgz 239ms (cache miss)
143 http fetch GET 200 https://registry.npmjs.org/data-uri-to-buffer/-/data-uri-to-buffer-4.0.1.tgz 242ms (cache miss)
144 http fetch GET 200 https://registry.npmjs.org/gcp-metadata/-/gcp-metadata-6.1.1.tgz 262ms (cache miss)
145 http fetch GET 200 https://registry.npmjs.org/google-logging-utils/-/google-logging-utils-0.0.2.tgz 359ms (cache miss)
146 http fetch GET 200 https://registry.npmjs.org/gaxios/-/gaxios-7.1.4.tgz 368ms (cache miss)
147 http fetch GET 200 https://registry.npmjs.org/google-auth-library/-/google-auth-library-9.15.1.tgz 416ms (cache miss)
148 silly CHANGE node_modules/google-logging-utils
149 silly ADD node_modules/google-gax/node_modules/google-logging-utils
150 silly ADD node_modules/google-gax/node_modules/gcp-metadata
151 silly ADD node_modules/google-gax/node_modules/google-auth-library
152 silly CHANGE node_modules/google-auth-library
153 silly ADD node_modules/google-auth-library/node_modules/data-uri-to-buffer
154 silly ADD node_modules/google-auth-library/node_modules/node-fetch
155 silly ADD node_modules/google-auth-library/node_modules/gaxios
156 silly CHANGE node_modules/gcp-metadata
157 silly ADD node_modules/gcp-metadata/node_modules/data-uri-to-buffer
158 silly ADD node_modules/gcp-metadata/node_modules/node-fetch
159 silly ADD node_modules/gcp-metadata/node_modules/gaxios
160 silly ADD node_modules/firebase-admin/node_modules/google-logging-utils
161 silly ADD node_modules/firebase-admin/node_modules/gcp-metadata
162 silly ADD node_modules/firebase-admin/node_modules/google-auth-library
163 silly ADD node_modules/@google-cloud/storage/node_modules/google-logging-utils
164 silly ADD node_modules/@google-cloud/storage/node_modules/gcp-metadata
165 silly ADD node_modules/@google-cloud/storage/node_modules/google-auth-library
166 verbose cwd /Users/home/Websites/Bedi Delivery
167 verbose os Darwin 25.3.0
168 verbose node v22.19.0
169 verbose npm  v11.12.1
170 verbose exit 0
171 info ok
